{"level":"info","message":"New addition operation requested: 2 + 5","service":"calculator-service"}
{"level":"error","message":"Invalid input: Both parameters must be valid numbers. Received: 2 and asdasd.","service":"calculator-service"}
{"level":"error","message":"Cannot divide by zero. Received: 2 and 0.","service":"calculator-service"}
{"level":"error","message":"Cannot divide by zero. Received: 2 and 0.","service":"calculator-service"}
{"level":"error","message":"Invalid input: Both parameters must be valid numbers. Received: undefined and undefined.","service":"calculator-service"}
{"level":"error","message":"Invalid input: Both parameters must be valid numbers. Received: undefined and undefined.","service":"calculator-service"}
{"level":"info","message":"New exponentiation requested: 5 exponentiation 2","service":"calculator-service"}
{"level":"error","message":"Invalid input: Both parameters must be valid numbers. Received: undefined and undefined.","service":"calculator-service"}
{"level":"error","message":"Invalid input: Both parameters must be valid numbers. Received: undefined and undefined.","service":"calculator-service"}
{"level":"error","message":"Invalid input: Both parameters must be valid numbers. Received: 3 and undefined.","service":"calculator-service"}
{"level":"info","message":"New square root requested: 3 square root undefined","service":"calculator-service"}
{"level":"info","message":"New square root requested: 9 square root undefined","service":"calculator-service"}
{"level":"info","message":"New square root requested: 9 square root ","service":"calculator-service"}
{"level":"info","message":"New modulo requested: 9 modulo 3","service":"calculator-service"}
{"level":"error","message":"Invalid input: Both parameters must be valid numbers","service":"calculator-service"}
{"level":"error","message":"Invalid input: Both parameters must be valid numbers","service":"calculator-service"}
{"level":"info","message":"New exponentiation requested: 5 exponentiation 3","service":"calculator-service"}
{"level":"info","message":"New square root requested: 25 square root ","service":"calculator-service"}
{"level":"info","message":"New modulo requested: 25 modulo 3","service":"calculator-service"}
{"level":"info","message":"New subtract requested: 34 subtract 32","service":"calculator-service"}
{"level":"info","message":"New subtract requested: 34 subtract 32","service":"calculator-service"}
{"level":"info","message":"New subtract requested: 34 subtract 32","service":"calculator-service"}
{"level":"info","message":"New add requested: 34 add 32","service":"calculator-service"}
{"level":"info","message":"New subtract requested: 34 subtract 32","service":"calculator-service"}
{"level":"info","message":"New add requested: 34 add 32","service":"calculator-service"}
{"level":"info","message":"New add requested: 34 add 32","service":"calculator-service"}
{"level":"info","message":"New add requested: 34 add 32","service":"calculator-service"}
{"level":"info","message":"New add requested: 34 add 32","service":"calculator-service"}
{"level":"info","message":"New add requested: 34 add 32","service":"calculator-service"}
{"level":"info","message":"New add requested: 34 add 32","service":"calculator-service"}
{"level":"info","message":"New add requested: 34 add 32","service":"calculator-service"}
{"level":"info","message":"New add requested: 4234234 add 32","service":"calculator-service"}
{"level":"info","message":"New subtract requested: 4234234 subtract 32","service":"calculator-service"}
{"level":"info","message":"New multiply requested: 4 multiply 12","service":"calculator-service"}
{"level":"info","message":"New divide requested: 36 divide 9","service":"calculator-service"}
{"level":"info","message":"New exponentiation requested: 2 exponentiation 4","service":"calculator-service"}
{"level":"info","message":"New square root requested: 2 square root ","service":"calculator-service"}
{"level":"info","message":"New square root requested: 9 square root ","service":"calculator-service"}
{"level":"info","message":"New modulo requested: 9 modulo 2","service":"calculator-service"}
